mode: atomic
github.com/stolostron/config-policy-controller/pkg/common/pattern_util.go:14.61,16.2 1 0
github.com/stolostron/config-policy-controller/pkg/common/pattern_util.go:19.60,23.33 2 0
github.com/stolostron/config-policy-controller/pkg/common/pattern_util.go:29.2,31.33 2 0
github.com/stolostron/config-policy-controller/pkg/common/pattern_util.go:37.2,39.18 2 0
github.com/stolostron/config-policy-controller/pkg/common/pattern_util.go:23.33,26.3 2 0
github.com/stolostron/config-policy-controller/pkg/common/pattern_util.go:31.33,34.3 2 0
github.com/stolostron/config-policy-controller/pkg/common/pattern_util.go:43.67,45.20 1 532
github.com/stolostron/config-policy-controller/pkg/common/pattern_util.go:49.2,52.37 2 525
github.com/stolostron/config-policy-controller/pkg/common/pattern_util.go:63.2,63.42 1 280
github.com/stolostron/config-policy-controller/pkg/common/pattern_util.go:75.2,75.51 1 280
github.com/stolostron/config-policy-controller/pkg/common/pattern_util.go:87.2,87.91 1 0
github.com/stolostron/config-policy-controller/pkg/common/pattern_util.go:100.2,100.14 1 0
github.com/stolostron/config-policy-controller/pkg/common/pattern_util.go:45.20,47.3 1 7
github.com/stolostron/config-policy-controller/pkg/common/pattern_util.go:52.37,53.30 1 245
github.com/stolostron/config-policy-controller/pkg/common/pattern_util.go:59.3,59.15 1 245
github.com/stolostron/config-policy-controller/pkg/common/pattern_util.go:53.30,54.24 1 2320
github.com/stolostron/config-policy-controller/pkg/common/pattern_util.go:54.24,56.5 1 229
github.com/stolostron/config-policy-controller/pkg/common/pattern_util.go:63.42,66.30 2 0
github.com/stolostron/config-policy-controller/pkg/common/pattern_util.go:72.3,72.15 1 0
github.com/stolostron/config-policy-controller/pkg/common/pattern_util.go:66.30,67.43 1 0
github.com/stolostron/config-policy-controller/pkg/common/pattern_util.go:67.43,69.5 1 0
github.com/stolostron/config-policy-controller/pkg/common/pattern_util.go:75.51,78.30 2 280
github.com/stolostron/config-policy-controller/pkg/common/pattern_util.go:84.3,84.15 1 280
github.com/stolostron/config-policy-controller/pkg/common/pattern_util.go:78.30,79.43 1 2686
github.com/stolostron/config-policy-controller/pkg/common/pattern_util.go:79.43,81.5 1 740
github.com/stolostron/config-policy-controller/pkg/common/pattern_util.go:87.91,91.30 3 0
github.com/stolostron/config-policy-controller/pkg/common/pattern_util.go:97.3,97.15 1 0
github.com/stolostron/config-policy-controller/pkg/common/pattern_util.go:91.30,92.42 1 0
github.com/stolostron/config-policy-controller/pkg/common/pattern_util.go:92.42,94.5 1 0
github.com/stolostron/config-policy-controller/pkg/common/pattern_util.go:104.76,108.31 3 281
github.com/stolostron/config-policy-controller/pkg/common/pattern_util.go:112.2,112.32 1 281
github.com/stolostron/config-policy-controller/pkg/common/pattern_util.go:118.2,118.31 1 281
github.com/stolostron/config-policy-controller/pkg/common/pattern_util.go:122.2,122.15 1 281
github.com/stolostron/config-policy-controller/pkg/common/pattern_util.go:108.31,110.3 1 295
github.com/stolostron/config-policy-controller/pkg/common/pattern_util.go:112.32,113.24 1 732
github.com/stolostron/config-policy-controller/pkg/common/pattern_util.go:113.24,115.4 1 21
github.com/stolostron/config-policy-controller/pkg/common/pattern_util.go:118.31,120.3 1 274
github.com/stolostron/config-policy-controller/pkg/common/pattern_util.go:126.50,130.2 2 0
github.com/stolostron/config-policy-controller/pkg/common/pattern_util.go:133.29,135.2 1 0
github.com/stolostron/config-policy-controller/pkg/common/pattern_util.go:138.75,139.39 1 8
github.com/stolostron/config-policy-controller/pkg/common/pattern_util.go:143.2,143.66 1 0
github.com/stolostron/config-policy-controller/pkg/common/pattern_util.go:147.2,147.11 1 0
github.com/stolostron/config-policy-controller/pkg/common/pattern_util.go:139.39,141.3 1 8
github.com/stolostron/config-policy-controller/pkg/common/pattern_util.go:143.66,145.3 1 0
github.com/stolostron/config-policy-controller/controllers/configurationpolicy_utils.go:29.45,30.32 1 286
github.com/stolostron/config-policy-controller/controllers/configurationpolicy_utils.go:55.2,55.23 1 286
github.com/stolostron/config-policy-controller/controllers/configurationpolicy_utils.go:30.32,33.16 2 281
github.com/stolostron/config-policy-controller/controllers/configurationpolicy_utils.go:39.3,43.17 4 281
github.com/stolostron/config-policy-controller/controllers/configurationpolicy_utils.go:49.3,52.77 4 281
github.com/stolostron/config-policy-controller/controllers/configurationpolicy_utils.go:33.16,35.4 1 171
github.com/stolostron/config-policy-controller/controllers/configurationpolicy_utils.go:35.9,37.4 1 110
github.com/stolostron/config-policy-controller/controllers/configurationpolicy_utils.go:43.17,45.4 1 207
github.com/stolostron/config-policy-controller/controllers/configurationpolicy_utils.go:45.9,47.4 1 74
github.com/stolostron/config-policy-controller/controllers/configurationpolicy_utils.go:61.37,64.41 2 562
github.com/stolostron/config-policy-controller/controllers/configurationpolicy_utils.go:77.2,77.14 1 562
github.com/stolostron/config-policy-controller/controllers/configurationpolicy_utils.go:81.2,81.13 1 562
github.com/stolostron/config-policy-controller/controllers/configurationpolicy_utils.go:64.41,68.87 1 16
github.com/stolostron/config-policy-controller/controllers/configurationpolicy_utils.go:68.87,71.58 2 0
github.com/stolostron/config-policy-controller/controllers/configurationpolicy_utils.go:71.58,73.5 1 0
github.com/stolostron/config-policy-controller/controllers/configurationpolicy_utils.go:77.14,79.3 1 562
github.com/stolostron/config-policy-controller/controllers/configurationpolicy_utils.go:86.82,87.39 1 1923
github.com/stolostron/config-policy-controller/controllers/configurationpolicy_utils.go:102.2,102.13 1 1068
github.com/stolostron/config-policy-controller/controllers/configurationpolicy_utils.go:88.30,89.88 1 963
github.com/stolostron/config-policy-controller/controllers/configurationpolicy_utils.go:92.21,93.75 1 49
github.com/stolostron/config-policy-controller/controllers/configurationpolicy_utils.go:96.10,97.68 1 911
github.com/stolostron/config-policy-controller/controllers/configurationpolicy_utils.go:89.88,91.4 1 284
github.com/stolostron/config-policy-controller/controllers/configurationpolicy_utils.go:93.75,95.4 1 4
github.com/stolostron/config-policy-controller/controllers/configurationpolicy_utils.go:97.68,99.4 1 567
github.com/stolostron/config-policy-controller/controllers/configurationpolicy_utils.go:107.106,109.34 1 3864
github.com/stolostron/config-policy-controller/controllers/configurationpolicy_utils.go:113.2,113.33 1 3860
github.com/stolostron/config-policy-controller/controllers/configurationpolicy_utils.go:162.2,162.13 1 3545
github.com/stolostron/config-policy-controller/controllers/configurationpolicy_utils.go:109.34,111.3 1 4
github.com/stolostron/config-policy-controller/controllers/configurationpolicy_utils.go:113.33,114.30 1 9050
github.com/stolostron/config-policy-controller/controllers/configurationpolicy_utils.go:115.31,118.47 2 1516
github.com/stolostron/config-policy-controller/controllers/configurationpolicy_utils.go:121.33,124.51 2 0
github.com/stolostron/config-policy-controller/controllers/configurationpolicy_utils.go:127.22,130.69 2 1262
github.com/stolostron/config-policy-controller/controllers/configurationpolicy_utils.go:133.15,136.18 2 4990
github.com/stolostron/config-policy-controller/controllers/configurationpolicy_utils.go:153.11,156.44 2 1282
github.com/stolostron/config-policy-controller/controllers/configurationpolicy_utils.go:118.47,120.5 1 67
github.com/stolostron/config-policy-controller/controllers/configurationpolicy_utils.go:124.51,126.5 1 0
github.com/stolostron/config-policy-controller/controllers/configurationpolicy_utils.go:130.69,132.5 1 27
github.com/stolostron/config-policy-controller/controllers/configurationpolicy_utils.go:136.18,138.50 1 4908
github.com/stolostron/config-policy-controller/controllers/configurationpolicy_utils.go:138.50,140.6 1 214
github.com/stolostron/config-policy-controller/controllers/configurationpolicy_utils.go:141.10,144.12 2 82
github.com/stolostron/config-policy-controller/controllers/configurationpolicy_utils.go:148.5,149.40 2 82
github.com/stolostron/config-policy-controller/controllers/configurationpolicy_utils.go:144.12,146.6 1 0
github.com/stolostron/config-policy-controller/controllers/configurationpolicy_utils.go:149.40,151.6 1 0
github.com/stolostron/config-policy-controller/controllers/configurationpolicy_utils.go:156.44,158.5 1 7
github.com/stolostron/config-policy-controller/controllers/configurationpolicy_utils.go:167.114,168.41 1 0
github.com/stolostron/config-policy-controller/controllers/configurationpolicy_utils.go:171.2,171.44 1 0
github.com/stolostron/config-policy-controller/controllers/configurationpolicy_utils.go:176.2,176.45 1 0
github.com/stolostron/config-policy-controller/controllers/configurationpolicy_utils.go:221.2,221.13 1 0
github.com/stolostron/config-policy-controller/controllers/configurationpolicy_utils.go:168.41,170.3 1 0
github.com/stolostron/config-policy-controller/controllers/configurationpolicy_utils.go:171.44,173.3 1 0
github.com/stolostron/config-policy-controller/controllers/configurationpolicy_utils.go:176.45,179.35 2 0
github.com/stolostron/config-policy-controller/controllers/configurationpolicy_utils.go:179.35,180.31 1 0
github.com/stolostron/config-policy-controller/controllers/configurationpolicy_utils.go:181.23,184.70 2 0
github.com/stolostron/config-policy-controller/controllers/configurationpolicy_utils.go:187.32,189.72 1 0
github.com/stolostron/config-policy-controller/controllers/configurationpolicy_utils.go:192.16,195.19 2 0
github.com/stolostron/config-policy-controller/controllers/configurationpolicy_utils.go:212.12,214.51 1 0
github.com/stolostron/config-policy-controller/controllers/configurationpolicy_utils.go:184.70,186.6 1 0
github.com/stolostron/config-policy-controller/controllers/configurationpolicy_utils.go:189.72,191.6 1 0
github.com/stolostron/config-policy-controller/controllers/configurationpolicy_utils.go:195.19,197.52 1 0
github.com/stolostron/config-policy-controller/controllers/configurationpolicy_utils.go:197.52,199.7 1 0
github.com/stolostron/config-policy-controller/controllers/configurationpolicy_utils.go:200.11,203.13 2 0
github.com/stolostron/config-policy-controller/controllers/configurationpolicy_utils.go:207.6,208.41 2 0
github.com/stolostron/config-policy-controller/controllers/configurationpolicy_utils.go:203.13,205.7 1 0
github.com/stolostron/config-policy-controller/controllers/configurationpolicy_utils.go:208.41,210.7 1 0
github.com/stolostron/config-policy-controller/controllers/configurationpolicy_utils.go:214.51,216.6 1 0
github.com/stolostron/config-policy-controller/controllers/configurationpolicy_utils.go:225.78,229.66 3 1284
github.com/stolostron/config-policy-controller/controllers/configurationpolicy_utils.go:233.2,233.39 1 1284
github.com/stolostron/config-policy-controller/controllers/configurationpolicy_utils.go:236.2,236.39 1 1284
github.com/stolostron/config-policy-controller/controllers/configurationpolicy_utils.go:240.2,240.28 1 1284
github.com/stolostron/config-policy-controller/controllers/configurationpolicy_utils.go:244.2,244.36 1 1280
github.com/stolostron/config-policy-controller/controllers/configurationpolicy_utils.go:259.2,259.13 1 1280
github.com/stolostron/config-policy-controller/controllers/configurationpolicy_utils.go:229.66,231.3 1 0
github.com/stolostron/config-policy-controller/controllers/configurationpolicy_utils.go:233.39,235.3 1 1075
github.com/stolostron/config-policy-controller/controllers/configurationpolicy_utils.go:236.39,238.3 1 988
github.com/stolostron/config-policy-controller/controllers/configurationpolicy_utils.go:240.28,242.3 1 4
github.com/stolostron/config-policy-controller/controllers/configurationpolicy_utils.go:244.36,245.42 1 1980
github.com/stolostron/config-policy-controller/controllers/configurationpolicy_utils.go:246.31,248.76 1 1417
github.com/stolostron/config-policy-controller/controllers/configurationpolicy_utils.go:251.11,253.55 1 563
github.com/stolostron/config-policy-controller/controllers/configurationpolicy_utils.go:248.76,250.5 1 0
github.com/stolostron/config-policy-controller/controllers/configurationpolicy_utils.go:253.55,255.5 1 0
github.com/stolostron/config-policy-controller/controllers/configurationpolicy_utils.go:262.45,264.31 2 894
github.com/stolostron/config-policy-controller/controllers/configurationpolicy_utils.go:270.2,270.14 1 482
github.com/stolostron/config-policy-controller/controllers/configurationpolicy_utils.go:264.31,265.17 1 1584
github.com/stolostron/config-policy-controller/controllers/configurationpolicy_utils.go:265.17,267.4 1 412
github.com/stolostron/config-policy-controller/controllers/configurationpolicy_utils.go:273.48,275.31 2 259
github.com/stolostron/config-policy-controller/controllers/configurationpolicy_utils.go:281.2,281.14 1 234
github.com/stolostron/config-policy-controller/controllers/configurationpolicy_utils.go:275.31,276.17 1 259
github.com/stolostron/config-policy-controller/controllers/configurationpolicy_utils.go:276.17,278.4 1 25
github.com/stolostron/config-policy-controller/controllers/configurationpolicy_utils.go:285.87,286.23 1 482
github.com/stolostron/config-policy-controller/controllers/configurationpolicy_utils.go:293.2,293.29 1 278
github.com/stolostron/config-policy-controller/controllers/configurationpolicy_utils.go:286.23,291.3 2 204
github.com/stolostron/config-policy-controller/controllers/configurationpolicy_utils.go:299.89,302.42 2 204
github.com/stolostron/config-policy-controller/controllers/configurationpolicy_utils.go:306.2,306.71 1 204
github.com/stolostron/config-policy-controller/controllers/configurationpolicy_utils.go:325.2,325.11 1 204
github.com/stolostron/config-policy-controller/controllers/configurationpolicy_utils.go:302.42,304.3 1 25
github.com/stolostron/config-policy-controller/controllers/configurationpolicy_utils.go:306.71,310.31 2 43
github.com/stolostron/config-policy-controller/controllers/configurationpolicy_utils.go:318.3,318.31 1 43
github.com/stolostron/config-policy-controller/controllers/configurationpolicy_utils.go:310.31,311.28 1 81
github.com/stolostron/config-policy-controller/controllers/configurationpolicy_utils.go:311.28,313.5 1 3
github.com/stolostron/config-policy-controller/controllers/configurationpolicy_utils.go:313.10,315.5 1 78
github.com/stolostron/config-policy-controller/controllers/configurationpolicy_utils.go:318.31,320.4 1 40
github.com/stolostron/config-policy-controller/controllers/configurationpolicy_utils.go:321.8,321.53 1 161
github.com/stolostron/config-policy-controller/controllers/configurationpolicy_utils.go:321.53,323.3 1 0
github.com/stolostron/config-policy-controller/controllers/configurationpolicy_utils.go:330.57,334.50 3 204
github.com/stolostron/config-policy-controller/controllers/configurationpolicy_utils.go:342.2,342.54 1 204
github.com/stolostron/config-policy-controller/controllers/configurationpolicy_utils.go:370.2,370.27 1 204
github.com/stolostron/config-policy-controller/controllers/configurationpolicy_utils.go:334.50,337.59 2 43
github.com/stolostron/config-policy-controller/controllers/configurationpolicy_utils.go:337.59,339.4 1 42
github.com/stolostron/config-policy-controller/controllers/configurationpolicy_utils.go:342.54,345.61 2 53
github.com/stolostron/config-policy-controller/controllers/configurationpolicy_utils.go:351.3,351.31 1 53
github.com/stolostron/config-policy-controller/controllers/configurationpolicy_utils.go:355.3,355.63 1 53
github.com/stolostron/config-policy-controller/controllers/configurationpolicy_utils.go:345.61,346.29 1 92
github.com/stolostron/config-policy-controller/controllers/configurationpolicy_utils.go:346.29,348.5 1 81
github.com/stolostron/config-policy-controller/controllers/configurationpolicy_utils.go:351.31,353.4 1 42
github.com/stolostron/config-policy-controller/controllers/configurationpolicy_utils.go:355.63,358.66 2 46
github.com/stolostron/config-policy-controller/controllers/configurationpolicy_utils.go:364.4,364.32 1 46
github.com/stolostron/config-policy-controller/controllers/configurationpolicy_utils.go:358.66,359.30 1 86
github.com/stolostron/config-policy-controller/controllers/configurationpolicy_utils.go:359.30,361.6 1 75
github.com/stolostron/config-policy-controller/controllers/configurationpolicy_utils.go:364.32,366.5 1 35
github.com/stolostron/config-policy-controller/controllers/configurationpolicy_utils.go:374.88,379.29 3 267
github.com/stolostron/config-policy-controller/controllers/configurationpolicy_utils.go:386.2,389.21 2 267
github.com/stolostron/config-policy-controller/controllers/configurationpolicy_utils.go:394.2,394.16 1 267
github.com/stolostron/config-policy-controller/controllers/configurationpolicy_utils.go:403.2,403.16 1 267
github.com/stolostron/config-policy-controller/controllers/configurationpolicy_utils.go:379.29,381.24 2 267
github.com/stolostron/config-policy-controller/controllers/configurationpolicy_utils.go:381.24,383.4 1 0
github.com/stolostron/config-policy-controller/controllers/configurationpolicy_utils.go:389.21,391.3 1 0
github.com/stolostron/config-policy-controller/controllers/configurationpolicy_utils.go:394.16,396.20 1 197
github.com/stolostron/config-policy-controller/controllers/configurationpolicy_utils.go:400.3,400.41 1 197
github.com/stolostron/config-policy-controller/controllers/configurationpolicy_utils.go:396.20,398.4 1 197
github.com/stolostron/config-policy-controller/controllers/configurationpolicy_utils.go:415.17,420.35 3 233
github.com/stolostron/config-policy-controller/controllers/configurationpolicy_utils.go:424.2,427.55 2 233
github.com/stolostron/config-policy-controller/controllers/configurationpolicy_utils.go:436.2,436.38 1 229
github.com/stolostron/config-policy-controller/controllers/configurationpolicy_utils.go:454.2,458.20 3 229
github.com/stolostron/config-policy-controller/controllers/configurationpolicy_utils.go:476.2,476.64 1 229
github.com/stolostron/config-policy-controller/controllers/configurationpolicy_utils.go:420.35,422.3 1 237
github.com/stolostron/config-policy-controller/controllers/configurationpolicy_utils.go:427.55,429.46 2 4
github.com/stolostron/config-policy-controller/controllers/configurationpolicy_utils.go:433.3,433.99 1 4
github.com/stolostron/config-policy-controller/controllers/configurationpolicy_utils.go:429.46,431.4 1 4
github.com/stolostron/config-policy-controller/controllers/configurationpolicy_utils.go:436.38,441.21 3 232
github.com/stolostron/config-policy-controller/controllers/configurationpolicy_utils.go:451.3,451.33 1 232
github.com/stolostron/config-policy-controller/controllers/configurationpolicy_utils.go:441.21,442.17 1 206
github.com/stolostron/config-policy-controller/controllers/configurationpolicy_utils.go:442.17,444.5 1 155
github.com/stolostron/config-policy-controller/controllers/configurationpolicy_utils.go:444.10,444.72 1 51
github.com/stolostron/config-policy-controller/controllers/configurationpolicy_utils.go:444.72,446.5 1 22
github.com/stolostron/config-policy-controller/controllers/configurationpolicy_utils.go:446.10,448.5 1 29
github.com/stolostron/config-policy-controller/controllers/configurationpolicy_utils.go:458.20,459.16 1 203
github.com/stolostron/config-policy-controller/controllers/configurationpolicy_utils.go:459.16,462.4 2 153
github.com/stolostron/config-policy-controller/controllers/configurationpolicy_utils.go:462.9,465.4 2 50
github.com/stolostron/config-policy-controller/controllers/configurationpolicy_utils.go:466.8,467.16 1 26
github.com/stolostron/config-policy-controller/controllers/configurationpolicy_utils.go:467.16,470.4 2 12
github.com/stolostron/config-policy-controller/controllers/configurationpolicy_utils.go:470.9,473.4 2 14
github.com/stolostron/config-policy-controller/controllers/configurationpolicy_utils.go:479.60,483.21 3 229
github.com/stolostron/config-policy-controller/controllers/configurationpolicy_utils.go:488.2,490.32 2 229
github.com/stolostron/config-policy-controller/controllers/configurationpolicy_utils.go:483.21,486.3 2 232
github.com/stolostron/config-policy-controller/controllers/encryption.go:21.106,33.16 6 4
github.com/stolostron/config-policy-controller/controllers/encryption.go:37.2,38.43 2 4
github.com/stolostron/config-policy-controller/controllers/encryption.go:42.2,43.51 2 4
github.com/stolostron/config-policy-controller/controllers/encryption.go:47.2,52.23 2 4
github.com/stolostron/config-policy-controller/controllers/encryption.go:33.16,35.3 1 0
github.com/stolostron/config-policy-controller/controllers/encryption.go:38.43,40.3 1 4
github.com/stolostron/config-policy-controller/controllers/encryption.go:43.51,45.3 1 3
github.com/stolostron/config-policy-controller/controllers/encryption.go:61.3,69.16 6 7
github.com/stolostron/config-policy-controller/controllers/encryption.go:75.2,75.50 1 7
github.com/stolostron/config-policy-controller/controllers/encryption.go:79.2,79.38 1 7
github.com/stolostron/config-policy-controller/controllers/encryption.go:97.2,105.41 2 7
github.com/stolostron/config-policy-controller/controllers/encryption.go:69.16,73.3 2 0
github.com/stolostron/config-policy-controller/controllers/encryption.go:75.50,77.3 1 3
github.com/stolostron/config-policy-controller/controllers/encryption.go:79.38,89.17 4 4
github.com/stolostron/config-policy-controller/controllers/encryption.go:89.17,91.4 1 0
github.com/stolostron/config-policy-controller/controllers/encryption.go:92.8,95.3 2 3
github.com/stolostron/config-policy-controller/controllers/encryption.go:110.63,112.2 1 281
github.com/stolostron/config-policy-controller/main.go:49.21,52.2 1 1
github.com/stolostron/config-policy-controller/main.go:54.13,58.2 2 1
github.com/stolostron/config-policy-controller/main.go:60.13,99.16 21 1
github.com/stolostron/config-policy-controller/main.go:104.2,108.16 3 1
github.com/stolostron/config-policy-controller/main.go:114.2,133.51 1 1
github.com/stolostron/config-policy-controller/main.go:153.2,153.38 1 1
github.com/stolostron/config-policy-controller/main.go:158.2,158.26 1 1
github.com/stolostron/config-policy-controller/main.go:167.2,168.16 2 1
github.com/stolostron/config-policy-controller/main.go:173.2,179.56 2 1
github.com/stolostron/config-policy-controller/main.go:185.2,185.69 1 1
github.com/stolostron/config-policy-controller/main.go:190.2,190.67 1 1
github.com/stolostron/config-policy-controller/main.go:196.2,208.17 6 1
github.com/stolostron/config-policy-controller/main.go:241.2,243.61 2 1
github.com/stolostron/config-policy-controller/main.go:99.16,102.3 2 0
github.com/stolostron/config-policy-controller/main.go:108.16,111.3 2 0
github.com/stolostron/config-policy-controller/main.go:133.51,148.6 1 220
github.com/stolostron/config-policy-controller/main.go:153.38,156.3 2 0
github.com/stolostron/config-policy-controller/main.go:158.26,164.3 2 0
github.com/stolostron/config-policy-controller/main.go:168.16,171.3 2 0
github.com/stolostron/config-policy-controller/main.go:179.56,182.3 2 0
github.com/stolostron/config-policy-controller/main.go:185.69,188.3 2 0
github.com/stolostron/config-policy-controller/main.go:190.67,193.3 2 0
github.com/stolostron/config-policy-controller/main.go:208.17,210.17 2 0
github.com/stolostron/config-policy-controller/main.go:210.17,211.83 1 0
github.com/stolostron/config-policy-controller/main.go:211.83,213.5 1 0
github.com/stolostron/config-policy-controller/main.go:213.10,216.5 2 0
github.com/stolostron/config-policy-controller/main.go:217.9,229.18 5 0
github.com/stolostron/config-policy-controller/main.go:235.4,235.41 1 0
github.com/stolostron/config-policy-controller/main.go:229.18,231.5 1 0
github.com/stolostron/config-policy-controller/main.go:231.10,233.5 1 0
github.com/stolostron/config-policy-controller/main.go:237.8,239.3 1 1
github.com/stolostron/config-policy-controller/main.go:243.61,246.3 2 0
github.com/stolostron/config-policy-controller/pkg/common/common.go:15.106,17.53 2 0
github.com/stolostron/config-policy-controller/pkg/common/common.go:21.2,24.98 3 0
github.com/stolostron/config-policy-controller/pkg/common/common.go:17.53,19.3 1 0
github.com/stolostron/config-policy-controller/api/v1/zz_generated.deepcopy.go:16.58,17.2 1 0
github.com/stolostron/config-policy-controller/api/v1/zz_generated.deepcopy.go:17.2,20.29 3 0
github.com/stolostron/config-policy-controller/api/v1/zz_generated.deepcopy.go:20.29,22.18 2 0
github.com/stolostron/config-policy-controller/api/v1/zz_generated.deepcopy.go:29.4,29.24 1 0
github.com/stolostron/config-policy-controller/api/v1/zz_generated.deepcopy.go:22.18,24.5 1 0
github.com/stolostron/config-policy-controller/api/v1/zz_generated.deepcopy.go:24.10,28.5 3 0
github.com/stolostron/config-policy-controller/api/v1/zz_generated.deepcopy.go:35.50,36.15 1 0
github.com/stolostron/config-policy-controller/api/v1/zz_generated.deepcopy.go:39.2,41.13 3 0
github.com/stolostron/config-policy-controller/api/v1/zz_generated.deepcopy.go:36.15,38.3 1 0
github.com/stolostron/config-policy-controller/api/v1/zz_generated.deepcopy.go:45.85,47.37 2 0
github.com/stolostron/config-policy-controller/api/v1/zz_generated.deepcopy.go:47.37,50.29 3 0
github.com/stolostron/config-policy-controller/api/v1/zz_generated.deepcopy.go:50.29,52.18 2 0
github.com/stolostron/config-policy-controller/api/v1/zz_generated.deepcopy.go:59.4,59.24 1 0
github.com/stolostron/config-policy-controller/api/v1/zz_generated.deepcopy.go:52.18,54.5 1 0
github.com/stolostron/config-policy-controller/api/v1/zz_generated.deepcopy.go:54.10,58.5 3 0
github.com/stolostron/config-policy-controller/api/v1/zz_generated.deepcopy.go:65.78,66.15 1 0
github.com/stolostron/config-policy-controller/api/v1/zz_generated.deepcopy.go:69.2,71.12 3 0
github.com/stolostron/config-policy-controller/api/v1/zz_generated.deepcopy.go:66.15,68.3 1 0
github.com/stolostron/config-policy-controller/api/v1/zz_generated.deepcopy.go:75.51,78.2 2 200
github.com/stolostron/config-policy-controller/api/v1/zz_generated.deepcopy.go:81.44,82.15 1 0
github.com/stolostron/config-policy-controller/api/v1/zz_generated.deepcopy.go:85.2,87.12 3 0
github.com/stolostron/config-policy-controller/api/v1/zz_generated.deepcopy.go:82.15,84.3 1 0
github.com/stolostron/config-policy-controller/api/v1/zz_generated.deepcopy.go:91.71,97.2 5 287
github.com/stolostron/config-policy-controller/api/v1/zz_generated.deepcopy.go:100.64,101.15 1 287
github.com/stolostron/config-policy-controller/api/v1/zz_generated.deepcopy.go:104.2,106.12 3 287
github.com/stolostron/config-policy-controller/api/v1/zz_generated.deepcopy.go:101.15,103.3 1 0
github.com/stolostron/config-policy-controller/api/v1/zz_generated.deepcopy.go:110.64,111.34 1 287
github.com/stolostron/config-policy-controller/api/v1/zz_generated.deepcopy.go:114.2,114.12 1 0
github.com/stolostron/config-policy-controller/api/v1/zz_generated.deepcopy.go:111.34,113.3 1 287
github.com/stolostron/config-policy-controller/api/v1/zz_generated.deepcopy.go:118.79,122.21 4 1
github.com/stolostron/config-policy-controller/api/v1/zz_generated.deepcopy.go:122.21,125.22 3 0
github.com/stolostron/config-policy-controller/api/v1/zz_generated.deepcopy.go:125.22,127.4 1 0
github.com/stolostron/config-policy-controller/api/v1/zz_generated.deepcopy.go:132.72,133.15 1 1
github.com/stolostron/config-policy-controller/api/v1/zz_generated.deepcopy.go:136.2,138.12 3 1
github.com/stolostron/config-policy-controller/api/v1/zz_generated.deepcopy.go:133.15,135.3 1 0
github.com/stolostron/config-policy-controller/api/v1/zz_generated.deepcopy.go:142.68,143.34 1 1
github.com/stolostron/config-policy-controller/api/v1/zz_generated.deepcopy.go:146.2,146.12 1 0
github.com/stolostron/config-policy-controller/api/v1/zz_generated.deepcopy.go:143.34,145.3 1 1
github.com/stolostron/config-policy-controller/api/v1/zz_generated.deepcopy.go:150.79,153.29 3 287
github.com/stolostron/config-policy-controller/api/v1/zz_generated.deepcopy.go:160.2,160.31 1 287
github.com/stolostron/config-policy-controller/api/v1/zz_generated.deepcopy.go:153.29,156.29 3 0
github.com/stolostron/config-policy-controller/api/v1/zz_generated.deepcopy.go:156.29,158.4 1 0
github.com/stolostron/config-policy-controller/api/v1/zz_generated.deepcopy.go:160.31,163.22 3 287
github.com/stolostron/config-policy-controller/api/v1/zz_generated.deepcopy.go:163.22,164.23 1 301
github.com/stolostron/config-policy-controller/api/v1/zz_generated.deepcopy.go:164.23,168.5 3 301
github.com/stolostron/config-policy-controller/api/v1/zz_generated.deepcopy.go:174.72,175.15 1 0
github.com/stolostron/config-policy-controller/api/v1/zz_generated.deepcopy.go:178.2,180.12 3 0
github.com/stolostron/config-policy-controller/api/v1/zz_generated.deepcopy.go:175.15,177.3 1 0
github.com/stolostron/config-policy-controller/api/v1/zz_generated.deepcopy.go:184.83,186.33 2 287
github.com/stolostron/config-policy-controller/api/v1/zz_generated.deepcopy.go:193.2,193.30 1 287
github.com/stolostron/config-policy-controller/api/v1/zz_generated.deepcopy.go:186.33,189.22 3 191
github.com/stolostron/config-policy-controller/api/v1/zz_generated.deepcopy.go:189.22,191.4 1 200
github.com/stolostron/config-policy-controller/api/v1/zz_generated.deepcopy.go:193.30,197.3 3 183
github.com/stolostron/config-policy-controller/api/v1/zz_generated.deepcopy.go:201.76,202.15 1 0
github.com/stolostron/config-policy-controller/api/v1/zz_generated.deepcopy.go:205.2,207.12 3 0
github.com/stolostron/config-policy-controller/api/v1/zz_generated.deepcopy.go:202.15,204.3 1 0
github.com/stolostron/config-policy-controller/api/v1/zz_generated.deepcopy.go:211.61,213.2 1 0
github.com/stolostron/config-policy-controller/api/v1/zz_generated.deepcopy.go:216.54,217.15 1 0
github.com/stolostron/config-policy-controller/api/v1/zz_generated.deepcopy.go:220.2,222.12 3 0
github.com/stolostron/config-policy-controller/api/v1/zz_generated.deepcopy.go:217.15,219.3 1 0
github.com/stolostron/config-policy-controller/api/v1/zz_generated.deepcopy.go:226.61,229.2 2 0
github.com/stolostron/config-policy-controller/api/v1/zz_generated.deepcopy.go:232.54,233.15 1 0
github.com/stolostron/config-policy-controller/api/v1/zz_generated.deepcopy.go:236.2,238.12 3 0
github.com/stolostron/config-policy-controller/api/v1/zz_generated.deepcopy.go:233.15,235.3 1 0
github.com/stolostron/config-policy-controller/api/v1/zz_generated.deepcopy.go:242.61,245.2 2 301
github.com/stolostron/config-policy-controller/api/v1/zz_generated.deepcopy.go:248.54,249.15 1 0
github.com/stolostron/config-policy-controller/api/v1/zz_generated.deepcopy.go:252.2,254.12 3 0
github.com/stolostron/config-policy-controller/api/v1/zz_generated.deepcopy.go:249.15,251.3 1 0
github.com/stolostron/config-policy-controller/api/v1/zz_generated.deepcopy.go:258.59,261.2 2 0
github.com/stolostron/config-policy-controller/api/v1/zz_generated.deepcopy.go:264.52,265.15 1 0
github.com/stolostron/config-policy-controller/api/v1/zz_generated.deepcopy.go:268.2,270.12 3 0
github.com/stolostron/config-policy-controller/api/v1/zz_generated.deepcopy.go:265.15,267.3 1 0
github.com/stolostron/config-policy-controller/api/v1/zz_generated.deepcopy.go:274.45,276.23 2 287
github.com/stolostron/config-policy-controller/api/v1/zz_generated.deepcopy.go:281.2,281.23 1 287
github.com/stolostron/config-policy-controller/api/v1/zz_generated.deepcopy.go:276.23,280.3 3 239
github.com/stolostron/config-policy-controller/api/v1/zz_generated.deepcopy.go:281.23,285.3 3 239
github.com/stolostron/config-policy-controller/api/v1/zz_generated.deepcopy.go:289.38,290.15 1 0
github.com/stolostron/config-policy-controller/api/v1/zz_generated.deepcopy.go:293.2,295.12 3 0
github.com/stolostron/config-policy-controller/api/v1/zz_generated.deepcopy.go:290.15,292.3 1 0
github.com/stolostron/config-policy-controller/api/v1/zz_generated.deepcopy.go:299.61,301.26 2 200
github.com/stolostron/config-policy-controller/api/v1/zz_generated.deepcopy.go:308.2,308.41 1 200
github.com/stolostron/config-policy-controller/api/v1/zz_generated.deepcopy.go:301.26,304.22 3 200
github.com/stolostron/config-policy-controller/api/v1/zz_generated.deepcopy.go:304.22,306.4 1 200
github.com/stolostron/config-policy-controller/api/v1/zz_generated.deepcopy.go:312.54,313.15 1 0
github.com/stolostron/config-policy-controller/api/v1/zz_generated.deepcopy.go:316.2,318.12 3 0
github.com/stolostron/config-policy-controller/api/v1/zz_generated.deepcopy.go:313.15,315.3 1 0
github.com/stolostron/config-policy-controller/api/v1/zz_generated.deepcopy.go:322.49,324.21 2 200
github.com/stolostron/config-policy-controller/api/v1/zz_generated.deepcopy.go:324.21,328.3 3 0
github.com/stolostron/config-policy-controller/api/v1/zz_generated.deepcopy.go:332.42,333.15 1 0
github.com/stolostron/config-policy-controller/api/v1/zz_generated.deepcopy.go:336.2,338.12 3 0
github.com/stolostron/config-policy-controller/api/v1/zz_generated.deepcopy.go:333.15,335.3 1 0
github.com/stolostron/config-policy-controller/pkg/common/kubeClient.go:26.65,29.2 2 1
github.com/stolostron/config-policy-controller/pkg/common/kubeClient.go:31.79,32.22 1 0
github.com/stolostron/config-policy-controller/pkg/common/kubeClient.go:56.2,56.23 1 0
github.com/stolostron/config-policy-controller/pkg/common/kubeClient.go:32.22,36.17 3 0
github.com/stolostron/config-policy-controller/pkg/common/kubeClient.go:40.3,51.17 9 0
github.com/stolostron/config-policy-controller/pkg/common/kubeClient.go:36.17,38.4 1 0
github.com/stolostron/config-policy-controller/pkg/common/kubeClient.go:51.17,53.4 1 0
github.com/stolostron/config-policy-controller/pkg/common/namespace_selection.go:13.81,17.33 2 0
github.com/stolostron/config-policy-controller/pkg/common/namespace_selection.go:25.2,27.33 2 0
github.com/stolostron/config-policy-controller/pkg/common/namespace_selection.go:34.2,34.65 1 0
github.com/stolostron/config-policy-controller/pkg/common/namespace_selection.go:17.33,19.19 2 0
github.com/stolostron/config-policy-controller/pkg/common/namespace_selection.go:19.19,21.4 1 0
github.com/stolostron/config-policy-controller/pkg/common/namespace_selection.go:27.33,29.19 2 0
github.com/stolostron/config-policy-controller/pkg/common/namespace_selection.go:29.19,31.4 1 0
github.com/stolostron/config-policy-controller/pkg/common/namespace_selection.go:38.52,43.40 4 0
github.com/stolostron/config-policy-controller/pkg/common/namespace_selection.go:47.2,47.29 1 0
github.com/stolostron/config-policy-controller/pkg/common/namespace_selection.go:43.40,45.3 1 0
github.com/stolostron/config-policy-controller/pkg/common/operator-sdk-port.go:36.28,38.2 1 0
github.com/stolostron/config-policy-controller/pkg/common/operator-sdk-port.go:41.42,43.12 2 1
github.com/stolostron/config-policy-controller/pkg/common/operator-sdk-port.go:47.2,47.16 1 1
github.com/stolostron/config-policy-controller/pkg/common/operator-sdk-port.go:43.12,45.3 1 0
github.com/stolostron/config-policy-controller/pkg/common/operator-sdk-port.go:51.45,52.22 1 0
github.com/stolostron/config-policy-controller/pkg/common/operator-sdk-port.go:56.2,57.16 2 0
github.com/stolostron/config-policy-controller/pkg/common/operator-sdk-port.go:65.2,65.48 1 0
github.com/stolostron/config-policy-controller/pkg/common/operator-sdk-port.go:52.22,54.3 1 0
github.com/stolostron/config-policy-controller/pkg/common/operator-sdk-port.go:57.16,58.25 1 0
github.com/stolostron/config-policy-controller/pkg/common/operator-sdk-port.go:62.3,62.17 1 0
github.com/stolostron/config-policy-controller/pkg/common/operator-sdk-port.go:58.25,60.4 1 0
github.com/stolostron/config-policy-controller/controllers/configurationpolicy_controller.go:72.82,77.2 1 1
github.com/stolostron/config-policy-controller/controllers/configurationpolicy_controller.go:80.93,84.2 3 1
github.com/stolostron/config-policy-controller/controllers/configurationpolicy_controller.go:117.115,119.2 1 476
github.com/stolostron/config-policy-controller/controllers/configurationpolicy_controller.go:123.119,129.6 4 1
github.com/stolostron/config-policy-controller/controllers/configurationpolicy_controller.go:129.6,137.59 5 147
github.com/stolostron/config-policy-controller/controllers/configurationpolicy_controller.go:145.3,145.57 1 147
github.com/stolostron/config-policy-controller/controllers/configurationpolicy_controller.go:149.3,149.26 1 147
github.com/stolostron/config-policy-controller/controllers/configurationpolicy_controller.go:161.3,161.16 1 147
github.com/stolostron/config-policy-controller/controllers/configurationpolicy_controller.go:177.3,178.39 2 147
github.com/stolostron/config-policy-controller/controllers/configurationpolicy_controller.go:185.3,185.11 1 146
github.com/stolostron/config-policy-controller/controllers/configurationpolicy_controller.go:137.59,139.4 1 1
github.com/stolostron/config-policy-controller/controllers/configurationpolicy_controller.go:145.57,147.4 1 1
github.com/stolostron/config-policy-controller/controllers/configurationpolicy_controller.go:149.26,152.18 2 147
github.com/stolostron/config-policy-controller/controllers/configurationpolicy_controller.go:152.18,156.5 2 0
github.com/stolostron/config-policy-controller/controllers/configurationpolicy_controller.go:157.9,159.4 1 0
github.com/stolostron/config-policy-controller/controllers/configurationpolicy_controller.go:161.16,164.38 2 147
github.com/stolostron/config-policy-controller/controllers/configurationpolicy_controller.go:164.38,166.39 2 287
github.com/stolostron/config-policy-controller/controllers/configurationpolicy_controller.go:171.5,171.36 1 281
github.com/stolostron/config-policy-controller/controllers/configurationpolicy_controller.go:166.39,167.14 1 6
github.com/stolostron/config-policy-controller/controllers/configurationpolicy_controller.go:178.39,183.4 4 147
github.com/stolostron/config-policy-controller/controllers/configurationpolicy_controller.go:185.11,187.4 1 0
github.com/stolostron/config-policy-controller/controllers/configurationpolicy_controller.go:191.70,197.16 4 17
github.com/stolostron/config-policy-controller/controllers/configurationpolicy_controller.go:203.2,206.16 3 17
github.com/stolostron/config-policy-controller/controllers/configurationpolicy_controller.go:212.2,215.12 3 17
github.com/stolostron/config-policy-controller/controllers/configurationpolicy_controller.go:197.16,201.3 2 0
github.com/stolostron/config-policy-controller/controllers/configurationpolicy_controller.go:206.16,210.3 2 0
github.com/stolostron/config-policy-controller/controllers/configurationpolicy_controller.go:222.70,225.64 2 287
github.com/stolostron/config-policy-controller/controllers/configurationpolicy_controller.go:231.2,231.39 1 186
github.com/stolostron/config-policy-controller/controllers/configurationpolicy_controller.go:237.2,238.16 2 186
github.com/stolostron/config-policy-controller/controllers/configurationpolicy_controller.go:244.2,246.57 2 186
github.com/stolostron/config-policy-controller/controllers/configurationpolicy_controller.go:256.2,256.41 1 186
github.com/stolostron/config-policy-controller/controllers/configurationpolicy_controller.go:271.2,272.46 2 185
github.com/stolostron/config-policy-controller/controllers/configurationpolicy_controller.go:278.2,278.13 1 180
github.com/stolostron/config-policy-controller/controllers/configurationpolicy_controller.go:225.64,229.3 2 101
github.com/stolostron/config-policy-controller/controllers/configurationpolicy_controller.go:231.39,235.3 2 0
github.com/stolostron/config-policy-controller/controllers/configurationpolicy_controller.go:238.16,242.3 2 0
github.com/stolostron/config-policy-controller/controllers/configurationpolicy_controller.go:246.57,248.3 1 123
github.com/stolostron/config-policy-controller/controllers/configurationpolicy_controller.go:248.8,248.67 1 63
github.com/stolostron/config-policy-controller/controllers/configurationpolicy_controller.go:248.67,250.3 1 63
github.com/stolostron/config-policy-controller/controllers/configurationpolicy_controller.go:250.8,254.3 2 0
github.com/stolostron/config-policy-controller/controllers/configurationpolicy_controller.go:256.41,260.3 2 1
github.com/stolostron/config-policy-controller/controllers/configurationpolicy_controller.go:260.8,260.23 1 185
github.com/stolostron/config-policy-controller/controllers/configurationpolicy_controller.go:260.23,269.3 2 0
github.com/stolostron/config-policy-controller/controllers/configurationpolicy_controller.go:272.46,276.3 2 5
github.com/stolostron/config-policy-controller/controllers/configurationpolicy_controller.go:283.50,284.93 1 2
github.com/stolostron/config-policy-controller/controllers/configurationpolicy_controller.go:292.2,292.100 1 0
github.com/stolostron/config-policy-controller/controllers/configurationpolicy_controller.go:284.93,286.3 1 1
github.com/stolostron/config-policy-controller/controllers/configurationpolicy_controller.go:286.8,286.51 1 1
github.com/stolostron/config-policy-controller/controllers/configurationpolicy_controller.go:286.51,288.3 1 1
github.com/stolostron/config-policy-controller/controllers/configurationpolicy_controller.go:296.97,304.38 5 281
github.com/stolostron/config-policy-controller/controllers/configurationpolicy_controller.go:320.2,324.56 4 281
github.com/stolostron/config-policy-controller/controllers/configurationpolicy_controller.go:349.2,352.25 3 281
github.com/stolostron/config-policy-controller/controllers/configurationpolicy_controller.go:367.2,372.101 4 281
github.com/stolostron/config-policy-controller/controllers/configurationpolicy_controller.go:383.2,384.16 2 281
github.com/stolostron/config-policy-controller/controllers/configurationpolicy_controller.go:396.2,398.54 2 280
github.com/stolostron/config-policy-controller/controllers/configurationpolicy_controller.go:627.2,627.84 1 276
github.com/stolostron/config-policy-controller/controllers/configurationpolicy_controller.go:304.38,309.20 4 0
github.com/stolostron/config-policy-controller/controllers/configurationpolicy_controller.go:314.3,316.9 2 0
github.com/stolostron/config-policy-controller/controllers/configurationpolicy_controller.go:309.20,312.4 1 0
github.com/stolostron/config-policy-controller/controllers/configurationpolicy_controller.go:324.56,327.19 2 5
github.com/stolostron/config-policy-controller/controllers/configurationpolicy_controller.go:331.3,332.20 2 5
github.com/stolostron/config-policy-controller/controllers/configurationpolicy_controller.go:343.3,343.85 1 5
github.com/stolostron/config-policy-controller/controllers/configurationpolicy_controller.go:327.19,329.4 1 5
github.com/stolostron/config-policy-controller/controllers/configurationpolicy_controller.go:332.20,341.4 2 4
github.com/stolostron/config-policy-controller/controllers/configurationpolicy_controller.go:352.25,358.17 4 5
github.com/stolostron/config-policy-controller/controllers/configurationpolicy_controller.go:364.3,364.54 1 5
github.com/stolostron/config-policy-controller/controllers/configurationpolicy_controller.go:358.17,362.4 2 0
github.com/stolostron/config-policy-controller/controllers/configurationpolicy_controller.go:372.101,376.17 3 0
github.com/stolostron/config-policy-controller/controllers/configurationpolicy_controller.go:376.17,378.4 1 0
github.com/stolostron/config-policy-controller/controllers/configurationpolicy_controller.go:378.9,380.4 1 0
github.com/stolostron/config-policy-controller/controllers/configurationpolicy_controller.go:384.16,386.94 1 1
github.com/stolostron/config-policy-controller/controllers/configurationpolicy_controller.go:390.3,393.9 3 1
github.com/stolostron/config-policy-controller/controllers/configurationpolicy_controller.go:386.94,388.4 1 0
github.com/stolostron/config-policy-controller/controllers/configurationpolicy_controller.go:398.54,417.24 9 292
github.com/stolostron/config-policy-controller/controllers/configurationpolicy_controller.go:511.3,512.85 2 288
github.com/stolostron/config-policy-controller/controllers/configurationpolicy_controller.go:520.3,525.19 4 288
github.com/stolostron/config-policy-controller/controllers/configurationpolicy_controller.go:532.3,532.48 1 288
github.com/stolostron/config-policy-controller/controllers/configurationpolicy_controller.go:555.3,560.41 4 288
github.com/stolostron/config-policy-controller/controllers/configurationpolicy_controller.go:610.3,610.27 1 288
github.com/stolostron/config-policy-controller/controllers/configurationpolicy_controller.go:417.24,420.75 1 292
github.com/stolostron/config-policy-controller/controllers/configurationpolicy_controller.go:440.4,440.69 1 292
github.com/stolostron/config-policy-controller/controllers/configurationpolicy_controller.go:420.75,424.40 2 0
github.com/stolostron/config-policy-controller/controllers/configurationpolicy_controller.go:430.5,437.11 3 0
github.com/stolostron/config-policy-controller/controllers/configurationpolicy_controller.go:424.40,428.6 1 0
github.com/stolostron/config-policy-controller/controllers/configurationpolicy_controller.go:440.69,446.72 3 23
github.com/stolostron/config-policy-controller/controllers/configurationpolicy_controller.go:468.5,468.76 1 23
github.com/stolostron/config-policy-controller/controllers/configurationpolicy_controller.go:500.5,500.22 1 22
github.com/stolostron/config-policy-controller/controllers/configurationpolicy_controller.go:507.5,507.52 1 19
github.com/stolostron/config-policy-controller/controllers/configurationpolicy_controller.go:446.72,453.29 3 1
github.com/stolostron/config-policy-controller/controllers/configurationpolicy_controller.go:453.29,456.7 2 1
github.com/stolostron/config-policy-controller/controllers/configurationpolicy_controller.go:456.12,462.7 1 0
github.com/stolostron/config-policy-controller/controllers/configurationpolicy_controller.go:468.76,476.20 4 2
github.com/stolostron/config-policy-controller/controllers/configurationpolicy_controller.go:482.6,485.20 3 2
github.com/stolostron/config-policy-controller/controllers/configurationpolicy_controller.go:497.6,497.96 1 1
github.com/stolostron/config-policy-controller/controllers/configurationpolicy_controller.go:476.20,480.7 2 0
github.com/stolostron/config-policy-controller/controllers/configurationpolicy_controller.go:485.20,487.98 1 1
github.com/stolostron/config-policy-controller/controllers/configurationpolicy_controller.go:491.7,494.13 3 1
github.com/stolostron/config-policy-controller/controllers/configurationpolicy_controller.go:487.98,489.8 1 1
github.com/stolostron/config-policy-controller/controllers/configurationpolicy_controller.go:500.22,504.6 2 3
github.com/stolostron/config-policy-controller/controllers/configurationpolicy_controller.go:512.85,516.4 2 0
github.com/stolostron/config-policy-controller/controllers/configurationpolicy_controller.go:525.19,528.4 1 208
github.com/stolostron/config-policy-controller/controllers/configurationpolicy_controller.go:528.9,530.4 1 80
github.com/stolostron/config-policy-controller/controllers/configurationpolicy_controller.go:532.48,536.49 2 280
github.com/stolostron/config-policy-controller/controllers/configurationpolicy_controller.go:547.4,547.46 1 280
github.com/stolostron/config-policy-controller/controllers/configurationpolicy_controller.go:536.49,543.5 2 24
github.com/stolostron/config-policy-controller/controllers/configurationpolicy_controller.go:543.10,545.5 1 256
github.com/stolostron/config-policy-controller/controllers/configurationpolicy_controller.go:547.46,550.5 1 277
github.com/stolostron/config-policy-controller/controllers/configurationpolicy_controller.go:550.10,552.5 1 3
github.com/stolostron/config-policy-controller/controllers/configurationpolicy_controller.go:560.41,572.26 3 296
github.com/stolostron/config-policy-controller/controllers/configurationpolicy_controller.go:576.4,576.21 1 296
github.com/stolostron/config-policy-controller/controllers/configurationpolicy_controller.go:580.4,580.20 1 296
github.com/stolostron/config-policy-controller/controllers/configurationpolicy_controller.go:604.4,604.35 1 296
github.com/stolostron/config-policy-controller/controllers/configurationpolicy_controller.go:572.26,574.5 1 75
github.com/stolostron/config-policy-controller/controllers/configurationpolicy_controller.go:576.21,578.5 1 162
github.com/stolostron/config-policy-controller/controllers/configurationpolicy_controller.go:580.20,583.5 1 134
github.com/stolostron/config-policy-controller/controllers/configurationpolicy_controller.go:583.10,585.19 2 162
github.com/stolostron/config-policy-controller/controllers/configurationpolicy_controller.go:585.19,586.25 1 70
github.com/stolostron/config-policy-controller/controllers/configurationpolicy_controller.go:591.6,594.7 1 70
github.com/stolostron/config-policy-controller/controllers/configurationpolicy_controller.go:586.25,588.7 1 5
github.com/stolostron/config-policy-controller/controllers/configurationpolicy_controller.go:588.12,590.7 1 65
github.com/stolostron/config-policy-controller/controllers/configurationpolicy_controller.go:595.11,601.6 2 92
github.com/stolostron/config-policy-controller/controllers/configurationpolicy_controller.go:604.35,606.5 1 281
github.com/stolostron/config-policy-controller/controllers/configurationpolicy_controller.go:610.27,621.26 3 154
github.com/stolostron/config-policy-controller/controllers/configurationpolicy_controller.go:621.26,623.5 1 63
github.com/stolostron/config-policy-controller/controllers/configurationpolicy_controller.go:633.3,637.2 2 281
github.com/stolostron/config-policy-controller/controllers/configurationpolicy_controller.go:642.3,643.48 1 281
github.com/stolostron/config-policy-controller/controllers/configurationpolicy_controller.go:654.2,656.37 2 281
github.com/stolostron/config-policy-controller/controllers/configurationpolicy_controller.go:666.2,666.12 1 281
github.com/stolostron/config-policy-controller/controllers/configurationpolicy_controller.go:643.48,644.55 1 16
github.com/stolostron/config-policy-controller/controllers/configurationpolicy_controller.go:647.3,647.83 1 14
github.com/stolostron/config-policy-controller/controllers/configurationpolicy_controller.go:651.3,651.75 1 9
github.com/stolostron/config-policy-controller/controllers/configurationpolicy_controller.go:644.55,646.4 1 2
github.com/stolostron/config-policy-controller/controllers/configurationpolicy_controller.go:647.83,649.4 1 5
github.com/stolostron/config-policy-controller/controllers/configurationpolicy_controller.go:656.37,657.36 1 194
github.com/stolostron/config-policy-controller/controllers/configurationpolicy_controller.go:657.36,658.39 1 188
github.com/stolostron/config-policy-controller/controllers/configurationpolicy_controller.go:658.39,660.5 1 37
github.com/stolostron/config-policy-controller/controllers/configurationpolicy_controller.go:662.8,664.3 1 87
github.com/stolostron/config-policy-controller/controllers/configurationpolicy_controller.go:666.12,668.3 1 120
github.com/stolostron/config-policy-controller/controllers/configurationpolicy_controller.go:674.23,684.15 3 287
github.com/stolostron/config-policy-controller/controllers/configurationpolicy_controller.go:692.2,694.67 2 287
github.com/stolostron/config-policy-controller/controllers/configurationpolicy_controller.go:705.2,705.48 1 287
github.com/stolostron/config-policy-controller/controllers/configurationpolicy_controller.go:712.2,712.76 1 287
github.com/stolostron/config-policy-controller/controllers/configurationpolicy_controller.go:716.2,719.83 2 287
github.com/stolostron/config-policy-controller/controllers/configurationpolicy_controller.go:725.2,725.18 1 287
github.com/stolostron/config-policy-controller/controllers/configurationpolicy_controller.go:729.2,729.21 1 287
github.com/stolostron/config-policy-controller/controllers/configurationpolicy_controller.go:684.15,687.3 2 198
github.com/stolostron/config-policy-controller/controllers/configurationpolicy_controller.go:687.8,690.3 2 89
github.com/stolostron/config-policy-controller/controllers/configurationpolicy_controller.go:694.67,698.3 3 1
github.com/stolostron/config-policy-controller/controllers/configurationpolicy_controller.go:698.8,698.78 1 286
github.com/stolostron/config-policy-controller/controllers/configurationpolicy_controller.go:698.78,703.3 3 0
github.com/stolostron/config-policy-controller/controllers/configurationpolicy_controller.go:705.48,710.3 1 97
github.com/stolostron/config-policy-controller/controllers/configurationpolicy_controller.go:712.76,714.3 1 16
github.com/stolostron/config-policy-controller/controllers/configurationpolicy_controller.go:719.83,723.3 3 138
github.com/stolostron/config-policy-controller/controllers/configurationpolicy_controller.go:725.18,727.3 1 138
github.com/stolostron/config-policy-controller/controllers/configurationpolicy_controller.go:742.8,752.16 5 154
github.com/stolostron/config-policy-controller/controllers/configurationpolicy_controller.go:756.2,759.25 3 154
github.com/stolostron/config-policy-controller/controllers/configurationpolicy_controller.go:771.2,771.100 1 154
github.com/stolostron/config-policy-controller/controllers/configurationpolicy_controller.go:752.16,754.3 1 0
github.com/stolostron/config-policy-controller/controllers/configurationpolicy_controller.go:759.25,762.3 2 68
github.com/stolostron/config-policy-controller/controllers/configurationpolicy_controller.go:762.8,762.48 1 86
github.com/stolostron/config-policy-controller/controllers/configurationpolicy_controller.go:762.48,766.3 2 0
github.com/stolostron/config-policy-controller/controllers/configurationpolicy_controller.go:766.8,769.3 2 86
github.com/stolostron/config-policy-controller/controllers/configurationpolicy_controller.go:788.3,791.21 2 296
github.com/stolostron/config-policy-controller/controllers/configurationpolicy_controller.go:797.2,801.20 3 296
github.com/stolostron/config-policy-controller/controllers/configurationpolicy_controller.go:805.2,809.55 4 290
github.com/stolostron/config-policy-controller/controllers/configurationpolicy_controller.go:815.2,821.25 6 290
github.com/stolostron/config-policy-controller/controllers/configurationpolicy_controller.go:828.2,830.37 2 290
github.com/stolostron/config-policy-controller/controllers/configurationpolicy_controller.go:849.2,849.16 1 286
github.com/stolostron/config-policy-controller/controllers/configurationpolicy_controller.go:873.2,876.24 3 286
github.com/stolostron/config-policy-controller/controllers/configurationpolicy_controller.go:924.2,924.82 1 286
github.com/stolostron/config-policy-controller/controllers/configurationpolicy_controller.go:791.21,793.3 1 215
github.com/stolostron/config-policy-controller/controllers/configurationpolicy_controller.go:793.8,795.3 1 81
github.com/stolostron/config-policy-controller/controllers/configurationpolicy_controller.go:801.20,803.3 1 6
github.com/stolostron/config-policy-controller/controllers/configurationpolicy_controller.go:809.55,812.3 2 0
github.com/stolostron/config-policy-controller/controllers/configurationpolicy_controller.go:821.25,826.3 3 22
github.com/stolostron/config-policy-controller/controllers/configurationpolicy_controller.go:830.37,835.25 3 4
github.com/stolostron/config-policy-controller/controllers/configurationpolicy_controller.go:846.3,846.53 1 4
github.com/stolostron/config-policy-controller/controllers/configurationpolicy_controller.go:835.25,838.85 2 2
github.com/stolostron/config-policy-controller/controllers/configurationpolicy_controller.go:842.4,843.41 1 2
github.com/stolostron/config-policy-controller/controllers/configurationpolicy_controller.go:838.85,840.5 1 2
github.com/stolostron/config-policy-controller/controllers/configurationpolicy_controller.go:849.16,852.3 2 275
github.com/stolostron/config-policy-controller/controllers/configurationpolicy_controller.go:852.8,852.23 1 11
github.com/stolostron/config-policy-controller/controllers/configurationpolicy_controller.go:852.23,860.56 3 11
github.com/stolostron/config-policy-controller/controllers/configurationpolicy_controller.go:866.3,868.25 2 11
github.com/stolostron/config-policy-controller/controllers/configurationpolicy_controller.go:860.56,865.4 1 0
github.com/stolostron/config-policy-controller/controllers/configurationpolicy_controller.go:868.25,870.4 1 5
github.com/stolostron/config-policy-controller/controllers/configurationpolicy_controller.go:876.24,898.3 6 281
github.com/stolostron/config-policy-controller/controllers/configurationpolicy_controller.go:898.8,899.21 1 5
github.com/stolostron/config-policy-controller/controllers/configurationpolicy_controller.go:917.3,919.26 2 5
github.com/stolostron/config-policy-controller/controllers/configurationpolicy_controller.go:899.21,900.14 1 5
github.com/stolostron/config-policy-controller/controllers/configurationpolicy_controller.go:900.14,903.5 2 0
github.com/stolostron/config-policy-controller/controllers/configurationpolicy_controller.go:903.10,906.5 2 5
github.com/stolostron/config-policy-controller/controllers/configurationpolicy_controller.go:907.9,908.14 1 0
github.com/stolostron/config-policy-controller/controllers/configurationpolicy_controller.go:908.14,911.5 2 0
github.com/stolostron/config-policy-controller/controllers/configurationpolicy_controller.go:911.10,914.5 2 0
github.com/stolostron/config-policy-controller/controllers/configurationpolicy_controller.go:919.26,921.4 1 5
github.com/stolostron/config-policy-controller/controllers/configurationpolicy_controller.go:928.93,931.33 2 281
github.com/stolostron/config-policy-controller/controllers/configurationpolicy_controller.go:943.2,943.15 1 281
github.com/stolostron/config-policy-controller/controllers/configurationpolicy_controller.go:931.33,933.3 1 159
github.com/stolostron/config-policy-controller/controllers/configurationpolicy_controller.go:933.8,933.51 1 122
github.com/stolostron/config-policy-controller/controllers/configurationpolicy_controller.go:933.51,935.3 1 32
github.com/stolostron/config-policy-controller/controllers/configurationpolicy_controller.go:935.8,935.41 1 90
github.com/stolostron/config-policy-controller/controllers/configurationpolicy_controller.go:935.41,937.3 1 64
github.com/stolostron/config-policy-controller/controllers/configurationpolicy_controller.go:937.8,937.41 1 26
github.com/stolostron/config-policy-controller/controllers/configurationpolicy_controller.go:937.41,939.3 1 12
github.com/stolostron/config-policy-controller/controllers/configurationpolicy_controller.go:939.8,939.42 1 14
github.com/stolostron/config-policy-controller/controllers/configurationpolicy_controller.go:939.42,941.3 1 14
github.com/stolostron/config-policy-controller/controllers/configurationpolicy_controller.go:965.85,977.32 5 281
github.com/stolostron/config-policy-controller/controllers/configurationpolicy_controller.go:990.2,990.32 1 281
github.com/stolostron/config-policy-controller/controllers/configurationpolicy_controller.go:1002.2,1002.33 1 281
github.com/stolostron/config-policy-controller/controllers/configurationpolicy_controller.go:1015.2,1019.12 3 281
github.com/stolostron/config-policy-controller/controllers/configurationpolicy_controller.go:1043.2,1043.24 1 281
github.com/stolostron/config-policy-controller/controllers/configurationpolicy_controller.go:1058.2,1058.19 1 212
github.com/stolostron/config-policy-controller/controllers/configurationpolicy_controller.go:1062.2,1062.86 1 206
github.com/stolostron/config-policy-controller/controllers/configurationpolicy_controller.go:1066.2,1066.47 1 49
github.com/stolostron/config-policy-controller/controllers/configurationpolicy_controller.go:977.32,979.71 1 64
github.com/stolostron/config-policy-controller/controllers/configurationpolicy_controller.go:979.71,981.18 2 35
github.com/stolostron/config-policy-controller/controllers/configurationpolicy_controller.go:981.18,984.5 1 2
github.com/stolostron/config-policy-controller/controllers/configurationpolicy_controller.go:985.9,987.4 1 29
github.com/stolostron/config-policy-controller/controllers/configurationpolicy_controller.go:990.32,992.71 1 14
github.com/stolostron/config-policy-controller/controllers/configurationpolicy_controller.go:992.71,994.18 2 0
github.com/stolostron/config-policy-controller/controllers/configurationpolicy_controller.go:994.18,996.5 1 0
github.com/stolostron/config-policy-controller/controllers/configurationpolicy_controller.go:997.9,999.4 1 14
github.com/stolostron/config-policy-controller/controllers/configurationpolicy_controller.go:1002.33,1007.71 3 12
github.com/stolostron/config-policy-controller/controllers/configurationpolicy_controller.go:1007.71,1012.4 2 0
github.com/stolostron/config-policy-controller/controllers/configurationpolicy_controller.go:1019.12,1026.25 5 205
github.com/stolostron/config-policy-controller/controllers/configurationpolicy_controller.go:1040.3,1040.23 1 205
github.com/stolostron/config-policy-controller/controllers/configurationpolicy_controller.go:1026.25,1029.4 2 22
github.com/stolostron/config-policy-controller/controllers/configurationpolicy_controller.go:1029.9,1029.23 1 183
github.com/stolostron/config-policy-controller/controllers/configurationpolicy_controller.go:1029.23,1031.4 1 10
github.com/stolostron/config-policy-controller/controllers/configurationpolicy_controller.go:1031.9,1031.29 1 173
github.com/stolostron/config-policy-controller/controllers/configurationpolicy_controller.go:1031.29,1034.72 2 159
github.com/stolostron/config-policy-controller/controllers/configurationpolicy_controller.go:1034.72,1037.5 1 79
github.com/stolostron/config-policy-controller/controllers/configurationpolicy_controller.go:1043.24,1046.92 2 69
github.com/stolostron/config-policy-controller/controllers/configurationpolicy_controller.go:1051.3,1055.48 4 69
github.com/stolostron/config-policy-controller/controllers/configurationpolicy_controller.go:1046.92,1049.4 2 6
github.com/stolostron/config-policy-controller/controllers/configurationpolicy_controller.go:1058.19,1060.3 1 6
github.com/stolostron/config-policy-controller/controllers/configurationpolicy_controller.go:1062.86,1064.3 1 157
github.com/stolostron/config-policy-controller/controllers/configurationpolicy_controller.go:1073.8,1077.53 3 296
github.com/stolostron/config-policy-controller/controllers/configurationpolicy_controller.go:1094.2,1094.24 1 15
github.com/stolostron/config-policy-controller/controllers/configurationpolicy_controller.go:1105.2,1105.14 1 7
github.com/stolostron/config-policy-controller/controllers/configurationpolicy_controller.go:1077.53,1078.42 1 4076
github.com/stolostron/config-policy-controller/controllers/configurationpolicy_controller.go:1078.42,1079.62 1 281
github.com/stolostron/config-policy-controller/controllers/configurationpolicy_controller.go:1089.4,1089.9 1 0
github.com/stolostron/config-policy-controller/controllers/configurationpolicy_controller.go:1079.62,1080.37 1 3138
github.com/stolostron/config-policy-controller/controllers/configurationpolicy_controller.go:1080.37,1085.6 3 281
github.com/stolostron/config-policy-controller/controllers/configurationpolicy_controller.go:1094.24,1098.17 3 8
github.com/stolostron/config-policy-controller/controllers/configurationpolicy_controller.go:1102.3,1102.45 1 8
github.com/stolostron/config-policy-controller/controllers/configurationpolicy_controller.go:1098.17,1100.4 1 0
github.com/stolostron/config-policy-controller/controllers/configurationpolicy_controller.go:1112.3,1120.16 4 290
github.com/stolostron/config-policy-controller/controllers/configurationpolicy_controller.go:1126.2,1128.22 2 290
github.com/stolostron/config-policy-controller/controllers/configurationpolicy_controller.go:1120.16,1123.3 2 0
github.com/stolostron/config-policy-controller/controllers/configurationpolicy_controller.go:1136.50,1140.16 3 296
github.com/stolostron/config-policy-controller/controllers/configurationpolicy_controller.go:1170.2,1173.16 3 296
github.com/stolostron/config-policy-controller/controllers/configurationpolicy_controller.go:1186.2,1188.16 2 296
github.com/stolostron/config-policy-controller/controllers/configurationpolicy_controller.go:1243.2,1250.30 2 290
github.com/stolostron/config-policy-controller/controllers/configurationpolicy_controller.go:1140.16,1148.52 3 0
github.com/stolostron/config-policy-controller/controllers/configurationpolicy_controller.go:1155.3,1166.19 3 0
github.com/stolostron/config-policy-controller/controllers/configurationpolicy_controller.go:1148.52,1153.4 1 0
github.com/stolostron/config-policy-controller/controllers/configurationpolicy_controller.go:1173.16,1180.26 3 6
github.com/stolostron/config-policy-controller/controllers/configurationpolicy_controller.go:1180.26,1183.4 2 6
github.com/stolostron/config-policy-controller/controllers/configurationpolicy_controller.go:1188.16,1193.21 3 6
github.com/stolostron/config-policy-controller/controllers/configurationpolicy_controller.go:1203.3,1204.26 2 6
github.com/stolostron/config-policy-controller/controllers/configurationpolicy_controller.go:1235.3,1235.19 1 6
github.com/stolostron/config-policy-controller/controllers/configurationpolicy_controller.go:1240.3,1240.27 1 6
github.com/stolostron/config-policy-controller/controllers/configurationpolicy_controller.go:1193.21,1195.4 1 0
github.com/stolostron/config-policy-controller/controllers/configurationpolicy_controller.go:1195.9,1201.4 4 6
github.com/stolostron/config-policy-controller/controllers/configurationpolicy_controller.go:1204.26,1214.53 3 6
github.com/stolostron/config-policy-controller/controllers/configurationpolicy_controller.go:1221.4,1221.87 1 6
github.com/stolostron/config-policy-controller/controllers/configurationpolicy_controller.go:1225.4,1227.88 2 6
github.com/stolostron/config-policy-controller/controllers/configurationpolicy_controller.go:1214.53,1219.5 1 4
github.com/stolostron/config-policy-controller/controllers/configurationpolicy_controller.go:1221.87,1223.5 1 0
github.com/stolostron/config-policy-controller/controllers/configurationpolicy_controller.go:1227.88,1232.5 3 4
github.com/stolostron/config-policy-controller/controllers/configurationpolicy_controller.go:1235.19,1238.4 1 4
github.com/stolostron/config-policy-controller/controllers/configurationpolicy_controller.go:1253.98,1258.47 4 290
github.com/stolostron/config-policy-controller/controllers/configurationpolicy_controller.go:1273.2,1273.48 1 290
github.com/stolostron/config-policy-controller/controllers/configurationpolicy_controller.go:1277.2,1277.30 1 290
github.com/stolostron/config-policy-controller/controllers/configurationpolicy_controller.go:1258.47,1261.45 2 282
github.com/stolostron/config-policy-controller/controllers/configurationpolicy_controller.go:1265.3,1265.48 1 282
github.com/stolostron/config-policy-controller/controllers/configurationpolicy_controller.go:1261.45,1263.4 1 279
github.com/stolostron/config-policy-controller/controllers/configurationpolicy_controller.go:1265.48,1270.4 2 22
github.com/stolostron/config-policy-controller/controllers/configurationpolicy_controller.go:1273.48,1275.3 1 290
github.com/stolostron/config-policy-controller/controllers/configurationpolicy_controller.go:1283.27,1284.31 1 11
github.com/stolostron/config-policy-controller/controllers/configurationpolicy_controller.go:1304.2,1304.21 1 11
github.com/stolostron/config-policy-controller/controllers/configurationpolicy_controller.go:1284.31,1288.36 3 7
github.com/stolostron/config-policy-controller/controllers/configurationpolicy_controller.go:1299.3,1299.12 1 7
github.com/stolostron/config-policy-controller/controllers/configurationpolicy_controller.go:1288.36,1292.16 2 21
github.com/stolostron/config-policy-controller/controllers/configurationpolicy_controller.go:1292.16,1293.39 1 7
github.com/stolostron/config-policy-controller/controllers/configurationpolicy_controller.go:1293.39,1295.6 1 1
github.com/stolostron/config-policy-controller/controllers/configurationpolicy_controller.go:1299.12,1301.4 1 6
github.com/stolostron/config-policy-controller/controllers/configurationpolicy_controller.go:1316.27,1317.16 1 11
github.com/stolostron/config-policy-controller/controllers/configurationpolicy_controller.go:1330.2,1333.16 3 0
github.com/stolostron/config-policy-controller/controllers/configurationpolicy_controller.go:1339.2,1339.57 1 0
github.com/stolostron/config-policy-controller/controllers/configurationpolicy_controller.go:1317.16,1321.17 3 11
github.com/stolostron/config-policy-controller/controllers/configurationpolicy_controller.go:1327.3,1327.58 1 11
github.com/stolostron/config-policy-controller/controllers/configurationpolicy_controller.go:1321.17,1325.4 2 0
github.com/stolostron/config-policy-controller/controllers/configurationpolicy_controller.go:1333.16,1337.3 2 0
github.com/stolostron/config-policy-controller/controllers/configurationpolicy_controller.go:1346.105,1356.20 4 35
github.com/stolostron/config-policy-controller/controllers/configurationpolicy_controller.go:1362.2,1366.21 4 35
github.com/stolostron/config-policy-controller/controllers/configurationpolicy_controller.go:1389.2,1389.81 1 35
github.com/stolostron/config-policy-controller/controllers/configurationpolicy_controller.go:1356.20,1358.3 1 19
github.com/stolostron/config-policy-controller/controllers/configurationpolicy_controller.go:1358.8,1360.3 1 16
github.com/stolostron/config-policy-controller/controllers/configurationpolicy_controller.go:1366.21,1369.67 2 35
github.com/stolostron/config-policy-controller/controllers/configurationpolicy_controller.go:1369.67,1372.4 2 2
github.com/stolostron/config-policy-controller/controllers/configurationpolicy_controller.go:1372.9,1376.4 3 33
github.com/stolostron/config-policy-controller/controllers/configurationpolicy_controller.go:1377.8,1380.77 2 0
github.com/stolostron/config-policy-controller/controllers/configurationpolicy_controller.go:1380.77,1383.4 2 0
github.com/stolostron/config-policy-controller/controllers/configurationpolicy_controller.go:1383.9,1386.4 2 0
github.com/stolostron/config-policy-controller/controllers/configurationpolicy_controller.go:1392.72,1399.33 4 281
github.com/stolostron/config-policy-controller/controllers/configurationpolicy_controller.go:1407.2,1410.33 3 281
github.com/stolostron/config-policy-controller/controllers/configurationpolicy_controller.go:1418.2,1419.25 2 281
github.com/stolostron/config-policy-controller/controllers/configurationpolicy_controller.go:1423.2,1423.18 1 281
github.com/stolostron/config-policy-controller/controllers/configurationpolicy_controller.go:1399.33,1401.19 2 236
github.com/stolostron/config-policy-controller/controllers/configurationpolicy_controller.go:1401.19,1403.4 1 236
github.com/stolostron/config-policy-controller/controllers/configurationpolicy_controller.go:1410.33,1412.19 2 296
github.com/stolostron/config-policy-controller/controllers/configurationpolicy_controller.go:1412.19,1414.4 1 296
github.com/stolostron/config-policy-controller/controllers/configurationpolicy_controller.go:1419.25,1421.3 1 45
github.com/stolostron/config-policy-controller/controllers/configurationpolicy_controller.go:1426.41,1430.16 3 281
github.com/stolostron/config-policy-controller/controllers/configurationpolicy_controller.go:1434.2,1436.33 2 281
github.com/stolostron/config-policy-controller/controllers/configurationpolicy_controller.go:1440.2,1440.24 1 281
github.com/stolostron/config-policy-controller/controllers/configurationpolicy_controller.go:1430.16,1432.3 1 0
github.com/stolostron/config-policy-controller/controllers/configurationpolicy_controller.go:1436.33,1438.3 1 2593
github.com/stolostron/config-policy-controller/controllers/configurationpolicy_controller.go:1445.93,1449.19 3 293
github.com/stolostron/config-policy-controller/controllers/configurationpolicy_controller.go:1458.2,1458.13 1 293
github.com/stolostron/config-policy-controller/controllers/configurationpolicy_controller.go:1449.19,1451.48 2 192
github.com/stolostron/config-policy-controller/controllers/configurationpolicy_controller.go:1451.48,1453.4 1 41
github.com/stolostron/config-policy-controller/controllers/configurationpolicy_controller.go:1454.8,1456.3 1 101
github.com/stolostron/config-policy-controller/controllers/configurationpolicy_controller.go:1468.17,1473.16 4 275
github.com/stolostron/config-policy-controller/controllers/configurationpolicy_controller.go:1479.2,1480.16 2 275
github.com/stolostron/config-policy-controller/controllers/configurationpolicy_controller.go:1490.2,1492.13 2 199
github.com/stolostron/config-policy-controller/controllers/configurationpolicy_controller.go:1473.16,1475.3 1 201
github.com/stolostron/config-policy-controller/controllers/configurationpolicy_controller.go:1475.8,1477.3 1 74
github.com/stolostron/config-policy-controller/controllers/configurationpolicy_controller.go:1480.16,1481.32 1 76
github.com/stolostron/config-policy-controller/controllers/configurationpolicy_controller.go:1487.3,1487.15 1 76
github.com/stolostron/config-policy-controller/controllers/configurationpolicy_controller.go:1481.32,1483.4 1 76
github.com/stolostron/config-policy-controller/controllers/configurationpolicy_controller.go:1483.9,1485.4 1 0
github.com/stolostron/config-policy-controller/controllers/configurationpolicy_controller.go:1495.112,1500.16 4 35
github.com/stolostron/config-policy-controller/controllers/configurationpolicy_controller.go:1512.2,1514.18 2 33
github.com/stolostron/config-policy-controller/controllers/configurationpolicy_controller.go:1500.16,1501.37 1 2
github.com/stolostron/config-policy-controller/controllers/configurationpolicy_controller.go:1507.3,1509.20 2 2
github.com/stolostron/config-policy-controller/controllers/configurationpolicy_controller.go:1501.37,1505.4 2 0
github.com/stolostron/config-policy-controller/controllers/configurationpolicy_controller.go:1517.100,1522.16 4 0
github.com/stolostron/config-policy-controller/controllers/configurationpolicy_controller.go:1534.2,1536.18 2 0
github.com/stolostron/config-policy-controller/controllers/configurationpolicy_controller.go:1522.16,1523.32 1 0
github.com/stolostron/config-policy-controller/controllers/configurationpolicy_controller.go:1529.3,1531.20 2 0
github.com/stolostron/config-policy-controller/controllers/configurationpolicy_controller.go:1523.32,1527.4 2 0
github.com/stolostron/config-policy-controller/controllers/configurationpolicy_controller.go:1541.90,1543.16 2 958
github.com/stolostron/config-policy-controller/controllers/configurationpolicy_controller.go:1547.2,1548.16 2 958
github.com/stolostron/config-policy-controller/controllers/configurationpolicy_controller.go:1552.2,1555.16 3 958
github.com/stolostron/config-policy-controller/controllers/configurationpolicy_controller.go:1559.2,1560.16 2 958
github.com/stolostron/config-policy-controller/controllers/configurationpolicy_controller.go:1564.2,1564.45 1 958
github.com/stolostron/config-policy-controller/controllers/configurationpolicy_controller.go:1543.16,1545.3 1 0
github.com/stolostron/config-policy-controller/controllers/configurationpolicy_controller.go:1548.16,1550.3 1 0
github.com/stolostron/config-policy-controller/controllers/configurationpolicy_controller.go:1555.16,1557.3 1 0
github.com/stolostron/config-policy-controller/controllers/configurationpolicy_controller.go:1560.16,1562.3 1 0
github.com/stolostron/config-policy-controller/controllers/configurationpolicy_controller.go:1572.87,1573.43 1 3392
github.com/stolostron/config-policy-controller/controllers/configurationpolicy_controller.go:1617.2,1618.9 2 3011
github.com/stolostron/config-policy-controller/controllers/configurationpolicy_controller.go:1622.2,1622.29 1 1247
github.com/stolostron/config-policy-controller/controllers/configurationpolicy_controller.go:1574.30,1576.10 2 1588
github.com/stolostron/config-policy-controller/controllers/configurationpolicy_controller.go:1583.3,1583.34 1 1588
github.com/stolostron/config-policy-controller/controllers/configurationpolicy_controller.go:1590.21,1591.29 1 392
github.com/stolostron/config-policy-controller/controllers/configurationpolicy_controller.go:1598.3,1599.10 2 392
github.com/stolostron/config-policy-controller/controllers/configurationpolicy_controller.go:1604.3,1604.27 1 392
github.com/stolostron/config-policy-controller/controllers/configurationpolicy_controller.go:1609.11,1612.9 2 0
github.com/stolostron/config-policy-controller/controllers/configurationpolicy_controller.go:1576.10,1580.4 1 0
github.com/stolostron/config-policy-controller/controllers/configurationpolicy_controller.go:1583.34,1584.36 1 5699
github.com/stolostron/config-policy-controller/controllers/configurationpolicy_controller.go:1584.36,1586.5 1 2434
github.com/stolostron/config-policy-controller/controllers/configurationpolicy_controller.go:1586.10,1588.5 1 3265
github.com/stolostron/config-policy-controller/controllers/configurationpolicy_controller.go:1591.29,1593.48 1 62
github.com/stolostron/config-policy-controller/controllers/configurationpolicy_controller.go:1593.48,1595.5 1 205
github.com/stolostron/config-policy-controller/controllers/configurationpolicy_controller.go:1599.10,1602.4 1 0
github.com/stolostron/config-policy-controller/controllers/configurationpolicy_controller.go:1604.27,1608.4 1 381
github.com/stolostron/config-policy-controller/controllers/configurationpolicy_controller.go:1612.9,1614.4 1 0
github.com/stolostron/config-policy-controller/controllers/configurationpolicy_controller.go:1618.9,1620.3 1 1764
github.com/stolostron/config-policy-controller/controllers/configurationpolicy_controller.go:1626.48,1628.38 2 392
github.com/stolostron/config-policy-controller/controllers/configurationpolicy_controller.go:1632.2,1632.47 1 392
github.com/stolostron/config-policy-controller/controllers/configurationpolicy_controller.go:1628.38,1630.3 1 464
github.com/stolostron/config-policy-controller/controllers/configurationpolicy_controller.go:1638.96,1639.29 1 426
github.com/stolostron/config-policy-controller/controllers/configurationpolicy_controller.go:1643.2,1646.28 3 408
github.com/stolostron/config-policy-controller/controllers/configurationpolicy_controller.go:1651.2,1652.27 2 408
github.com/stolostron/config-policy-controller/controllers/configurationpolicy_controller.go:1663.2,1663.34 1 408
github.com/stolostron/config-policy-controller/controllers/configurationpolicy_controller.go:1699.2,1699.15 1 408
github.com/stolostron/config-policy-controller/controllers/configurationpolicy_controller.go:1639.29,1641.3 1 18
github.com/stolostron/config-policy-controller/controllers/configurationpolicy_controller.go:1646.28,1648.3 1 675
github.com/stolostron/config-policy-controller/controllers/configurationpolicy_controller.go:1652.27,1653.52 1 685
github.com/stolostron/config-policy-controller/controllers/configurationpolicy_controller.go:1653.52,1655.4 1 6
github.com/stolostron/config-policy-controller/controllers/configurationpolicy_controller.go:1655.9,1660.4 1 679
github.com/stolostron/config-policy-controller/controllers/configurationpolicy_controller.go:1663.34,1668.43 4 679
github.com/stolostron/config-policy-controller/controllers/configurationpolicy_controller.go:1692.3,1692.29 1 679
github.com/stolostron/config-policy-controller/controllers/configurationpolicy_controller.go:1668.43,1669.29 1 2210
github.com/stolostron/config-policy-controller/controllers/configurationpolicy_controller.go:1673.4,1675.31 2 1444
github.com/stolostron/config-policy-controller/controllers/configurationpolicy_controller.go:1683.4,1683.41 1 1444
github.com/stolostron/config-policy-controller/controllers/configurationpolicy_controller.go:1669.29,1670.13 1 766
github.com/stolostron/config-policy-controller/controllers/configurationpolicy_controller.go:1676.32,1678.76 1 575
github.com/stolostron/config-policy-controller/controllers/configurationpolicy_controller.go:1679.12,1680.21 1 869
github.com/stolostron/config-policy-controller/controllers/configurationpolicy_controller.go:1683.41,1688.5 3 629
github.com/stolostron/config-policy-controller/controllers/configurationpolicy_controller.go:1692.29,1693.50 1 56
github.com/stolostron/config-policy-controller/controllers/configurationpolicy_controller.go:1693.50,1695.5 1 56
github.com/stolostron/config-policy-controller/controllers/configurationpolicy_controller.go:1704.118,1705.29 1 49
github.com/stolostron/config-policy-controller/controllers/configurationpolicy_controller.go:1711.2,1713.33 2 4
github.com/stolostron/config-policy-controller/controllers/configurationpolicy_controller.go:1726.2,1726.24 1 4
github.com/stolostron/config-policy-controller/controllers/configurationpolicy_controller.go:1705.29,1707.3 1 45
github.com/stolostron/config-policy-controller/controllers/configurationpolicy_controller.go:1713.33,1714.25 1 6
github.com/stolostron/config-policy-controller/controllers/configurationpolicy_controller.go:1714.25,1716.18 2 6
github.com/stolostron/config-policy-controller/controllers/configurationpolicy_controller.go:1720.4,1720.44 1 6
github.com/stolostron/config-policy-controller/controllers/configurationpolicy_controller.go:1716.18,1718.5 1 0
github.com/stolostron/config-policy-controller/controllers/configurationpolicy_controller.go:1721.9,1723.4 1 0
github.com/stolostron/config-policy-controller/controllers/configurationpolicy_controller.go:1733.51,1734.29 1 963
github.com/stolostron/config-policy-controller/controllers/configurationpolicy_controller.go:1738.2,1739.16 2 952
github.com/stolostron/config-policy-controller/controllers/configurationpolicy_controller.go:1743.2,1743.45 1 952
github.com/stolostron/config-policy-controller/controllers/configurationpolicy_controller.go:1734.29,1736.3 1 11
github.com/stolostron/config-policy-controller/controllers/configurationpolicy_controller.go:1739.16,1741.3 1 0
github.com/stolostron/config-policy-controller/controllers/configurationpolicy_controller.go:1750.65,1756.23 4 894
github.com/stolostron/config-policy-controller/controllers/configurationpolicy_controller.go:1762.2,1772.45 5 482
github.com/stolostron/config-policy-controller/controllers/configurationpolicy_controller.go:1799.2,1799.19 1 482
github.com/stolostron/config-policy-controller/controllers/configurationpolicy_controller.go:1803.2,1803.16 1 479
github.com/stolostron/config-policy-controller/controllers/configurationpolicy_controller.go:1809.2,1809.23 1 479
github.com/stolostron/config-policy-controller/controllers/configurationpolicy_controller.go:1816.2,1816.51 1 479
github.com/stolostron/config-policy-controller/controllers/configurationpolicy_controller.go:1820.2,1820.45 1 479
github.com/stolostron/config-policy-controller/controllers/configurationpolicy_controller.go:1756.23,1760.3 2 412
github.com/stolostron/config-policy-controller/controllers/configurationpolicy_controller.go:1773.21,1774.48 1 49
github.com/stolostron/config-policy-controller/controllers/configurationpolicy_controller.go:1784.30,1785.48 1 391
github.com/stolostron/config-policy-controller/controllers/configurationpolicy_controller.go:1795.10,1796.29 1 42
github.com/stolostron/config-policy-controller/controllers/configurationpolicy_controller.go:1775.22,1776.80 1 49
github.com/stolostron/config-policy-controller/controllers/configurationpolicy_controller.go:1777.12,1778.30 1 0
github.com/stolostron/config-policy-controller/controllers/configurationpolicy_controller.go:1779.11,1782.9 1 0
github.com/stolostron/config-policy-controller/controllers/configurationpolicy_controller.go:1786.31,1787.80 1 388
github.com/stolostron/config-policy-controller/controllers/configurationpolicy_controller.go:1788.12,1789.30 1 0
github.com/stolostron/config-policy-controller/controllers/configurationpolicy_controller.go:1790.11,1793.9 1 3
github.com/stolostron/config-policy-controller/controllers/configurationpolicy_controller.go:1799.19,1801.3 1 3
github.com/stolostron/config-policy-controller/controllers/configurationpolicy_controller.go:1803.16,1807.3 2 0
github.com/stolostron/config-policy-controller/controllers/configurationpolicy_controller.go:1809.23,1813.3 1 204
github.com/stolostron/config-policy-controller/controllers/configurationpolicy_controller.go:1816.51,1818.3 1 40
github.com/stolostron/config-policy-controller/controllers/configurationpolicy_controller.go:1834.65,1841.35 4 205
github.com/stolostron/config-policy-controller/controllers/configurationpolicy_controller.go:1887.2,1887.18 1 180
github.com/stolostron/config-policy-controller/controllers/configurationpolicy_controller.go:1906.2,1906.25 1 173
github.com/stolostron/config-policy-controller/controllers/configurationpolicy_controller.go:1841.35,1846.50 3 873
github.com/stolostron/config-policy-controller/controllers/configurationpolicy_controller.go:1851.3,1852.21 2 873
github.com/stolostron/config-policy-controller/controllers/configurationpolicy_controller.go:1858.3,1858.34 1 870
github.com/stolostron/config-policy-controller/controllers/configurationpolicy_controller.go:1862.3,1866.24 3 472
github.com/stolostron/config-policy-controller/controllers/configurationpolicy_controller.go:1874.3,1876.22 2 472
github.com/stolostron/config-policy-controller/controllers/configurationpolicy_controller.go:1846.50,1848.4 1 2
github.com/stolostron/config-policy-controller/controllers/configurationpolicy_controller.go:1852.21,1856.4 2 3
github.com/stolostron/config-policy-controller/controllers/configurationpolicy_controller.go:1858.34,1859.12 1 398
github.com/stolostron/config-policy-controller/controllers/configurationpolicy_controller.go:1866.24,1871.4 4 201
github.com/stolostron/config-policy-controller/controllers/configurationpolicy_controller.go:1871.9,1873.4 1 271
github.com/stolostron/config-policy-controller/controllers/configurationpolicy_controller.go:1876.22,1879.83 2 39
github.com/stolostron/config-policy-controller/controllers/configurationpolicy_controller.go:1883.4,1883.84 1 17
github.com/stolostron/config-policy-controller/controllers/configurationpolicy_controller.go:1879.83,1881.5 1 22
github.com/stolostron/config-policy-controller/controllers/configurationpolicy_controller.go:1887.18,1891.32 3 17
github.com/stolostron/config-policy-controller/controllers/configurationpolicy_controller.go:1897.3,1897.17 1 17
github.com/stolostron/config-policy-controller/controllers/configurationpolicy_controller.go:1903.3,1903.66 1 10
github.com/stolostron/config-policy-controller/controllers/configurationpolicy_controller.go:1891.32,1895.4 2 0
github.com/stolostron/config-policy-controller/controllers/configurationpolicy_controller.go:1897.17,1901.4 2 7
github.com/stolostron/config-policy-controller/controllers/configurationpolicy_controller.go:1917.65,1923.20 3 205
github.com/stolostron/config-policy-controller/controllers/configurationpolicy_controller.go:1929.2,1930.16 2 205
github.com/stolostron/config-policy-controller/controllers/configurationpolicy_controller.go:1936.2,1936.25 1 0
github.com/stolostron/config-policy-controller/controllers/configurationpolicy_controller.go:1923.20,1925.3 1 154
github.com/stolostron/config-policy-controller/controllers/configurationpolicy_controller.go:1925.8,1927.3 1 51
github.com/stolostron/config-policy-controller/controllers/configurationpolicy_controller.go:1930.16,1932.3 1 0
github.com/stolostron/config-policy-controller/controllers/configurationpolicy_controller.go:1932.8,1934.3 1 205
github.com/stolostron/config-policy-controller/controllers/configurationpolicy_controller.go:1942.40,1946.19 3 142
github.com/stolostron/config-policy-controller/controllers/configurationpolicy_controller.go:1960.2,1962.19 2 41
github.com/stolostron/config-policy-controller/controllers/configurationpolicy_controller.go:1946.19,1948.50 2 41
github.com/stolostron/config-policy-controller/controllers/configurationpolicy_controller.go:1948.50,1952.4 2 0
github.com/stolostron/config-policy-controller/controllers/configurationpolicy_controller.go:1953.8,1958.3 2 101
github.com/stolostron/config-policy-controller/controllers/configurationpolicy_controller.go:1966.92,1971.2 1 233
github.com/stolostron/config-policy-controller/controllers/configurationpolicy_controller.go:1975.108,1978.49 2 281
github.com/stolostron/config-policy-controller/controllers/configurationpolicy_controller.go:1988.2,1988.47 1 281
github.com/stolostron/config-policy-controller/controllers/configurationpolicy_controller.go:1996.2,2002.31 5 281
github.com/stolostron/config-policy-controller/controllers/configurationpolicy_controller.go:1978.49,1979.51 1 289
github.com/stolostron/config-policy-controller/controllers/configurationpolicy_controller.go:1979.51,1980.87 1 289
github.com/stolostron/config-policy-controller/controllers/configurationpolicy_controller.go:1980.87,1983.10 2 92
github.com/stolostron/config-policy-controller/controllers/configurationpolicy_controller.go:1988.47,1990.3 1 0
github.com/stolostron/config-policy-controller/controllers/configurationpolicy_controller.go:1990.8,1990.22 1 281
github.com/stolostron/config-policy-controller/controllers/configurationpolicy_controller.go:1990.22,1992.3 1 189
github.com/stolostron/config-policy-controller/controllers/configurationpolicy_controller.go:1992.8,1994.3 1 92
github.com/stolostron/config-policy-controller/controllers/configurationpolicy_controller.go:2002.31,2004.3 1 2
github.com/stolostron/config-policy-controller/controllers/configurationpolicy_controller.go:2004.8,2004.23 1 279
github.com/stolostron/config-policy-controller/controllers/configurationpolicy_controller.go:2004.23,2006.3 1 0
github.com/stolostron/config-policy-controller/controllers/configurationpolicy_controller.go:2014.42,2020.16 3 281
github.com/stolostron/config-policy-controller/controllers/configurationpolicy_controller.go:2024.2,2024.16 1 279
github.com/stolostron/config-policy-controller/controllers/configurationpolicy_controller.go:2028.2,2028.53 1 133
github.com/stolostron/config-policy-controller/controllers/configurationpolicy_controller.go:2032.2,2037.17 3 133
github.com/stolostron/config-policy-controller/controllers/configurationpolicy_controller.go:2020.16,2022.3 1 2
github.com/stolostron/config-policy-controller/controllers/configurationpolicy_controller.go:2024.16,2026.3 1 146
github.com/stolostron/config-policy-controller/controllers/configurationpolicy_controller.go:2028.53,2030.3 1 133
github.com/stolostron/config-policy-controller/controllers/configurationpolicy_controller.go:2040.105,2041.40 1 133
github.com/stolostron/config-policy-controller/controllers/configurationpolicy_controller.go:2046.2,2046.51 1 8
github.com/stolostron/config-policy-controller/controllers/configurationpolicy_controller.go:2050.2,2053.62 3 8
github.com/stolostron/config-policy-controller/controllers/configurationpolicy_controller.go:2057.2,2064.12 3 8
github.com/stolostron/config-policy-controller/controllers/configurationpolicy_controller.go:2041.40,2043.3 1 125
github.com/stolostron/config-policy-controller/controllers/configurationpolicy_controller.go:2046.51,2048.3 1 0
github.com/stolostron/config-policy-controller/controllers/configurationpolicy_controller.go:2053.62,2055.3 1 4
github.com/stolostron/config-policy-controller/controllers/configurationpolicy_controller.go:2067.86,2069.14 2 8
github.com/stolostron/config-policy-controller/controllers/configurationpolicy_controller.go:2073.2,2083.3 1 8
github.com/stolostron/config-policy-controller/controllers/configurationpolicy_controller.go:2069.14,2071.3 1 8
github.com/stolostron/config-policy-controller/controllers/configurationpolicy_controller.go:2087.86,2088.38 1 83
github.com/stolostron/config-policy-controller/controllers/configurationpolicy_controller.go:2092.2,2094.83 2 36
github.com/stolostron/config-policy-controller/controllers/configurationpolicy_controller.go:2098.2,2098.49 1 36
github.com/stolostron/config-policy-controller/controllers/configurationpolicy_controller.go:2108.2,2108.15 1 36
github.com/stolostron/config-policy-controller/controllers/configurationpolicy_controller.go:2088.38,2090.3 1 47
github.com/stolostron/config-policy-controller/controllers/configurationpolicy_controller.go:2094.83,2096.3 1 0
github.com/stolostron/config-policy-controller/controllers/configurationpolicy_controller.go:2098.49,2100.39 2 40
github.com/stolostron/config-policy-controller/controllers/configurationpolicy_controller.go:2100.39,2102.34 2 40
github.com/stolostron/config-policy-controller/controllers/configurationpolicy_controller.go:2102.34,2104.5 1 0
github.com/stolostron/config-policy-controller/controllers/configurationpolicy_controller.go:2111.20,2112.30 1 142
github.com/stolostron/config-policy-controller/controllers/configurationpolicy_controller.go:2112.30,2115.3 1 0
github.com/stolostron/config-policy-controller/api/v1/configurationpolicy_types.go:90.83,91.20 1 186
github.com/stolostron/config-policy-controller/api/v1/configurationpolicy_types.go:95.2,95.25 1 1
github.com/stolostron/config-policy-controller/api/v1/configurationpolicy_types.go:99.2,100.16 2 0
github.com/stolostron/config-policy-controller/api/v1/configurationpolicy_types.go:104.2,104.28 1 0
github.com/stolostron/config-policy-controller/api/v1/configurationpolicy_types.go:91.20,93.3 1 185
github.com/stolostron/config-policy-controller/api/v1/configurationpolicy_types.go:95.25,97.3 1 1
github.com/stolostron/config-policy-controller/api/v1/configurationpolicy_types.go:100.16,102.3 1 0
github.com/stolostron/config-policy-controller/api/v1/configurationpolicy_types.go:109.75,111.2 1 123
github.com/stolostron/config-policy-controller/api/v1/configurationpolicy_types.go:115.78,117.2 1 63
github.com/stolostron/config-policy-controller/api/v1/configurationpolicy_types.go:254.13,256.2 1 1
